<?xml version="1.0" encoding="UTF-8"?>
<!-- Generated by org.testng.reporters.JUnitXMLReporter -->
<testsuite ignored="0" hostname="DESKTOP-CBAH624" failures="2" tests="4" name="Test" time="252.357" errors="0" timestamp="2023-10-19T13:05:42 IST">
  <testcase classname="ApiAutomation" name="testEmployeesWithAgeAndSalary" time="128.851"/>
  <testcase classname="ApiAutomation" name="testSingleEmployeeData" time="121.217"/>
  <testcase classname="ApiAutomation" name="testDeleteEmployeeAndVerify" time="1.034">
    <failure type="java.lang.AssertionError" message="Unexpected status code expected [200] but found [429]">
      <![CDATA[java.lang.AssertionError: Unexpected status code expected [200] but found [429]
at ApiAutomation.testDeleteEmployeeAndVerify(ApiAutomation.java:70)
at java.base/java.util.ArrayList.forEach(ArrayList.java:1541)
... Removed 33 stack frames]]>
    </failure>
  </testcase> <!-- testDeleteEmployeeAndVerify -->
  <testcase classname="ApiAutomation" name="testCreateEmployeeAndValidate" time="1.124">
    <failure type="java.lang.AssertionError" message="Unexpected status code expected [200] but found [429]">
      <![CDATA[java.lang.AssertionError: Unexpected status code expected [200] but found [429]
at ApiAutomation.testCreateEmployeeAndValidate(ApiAutomation.java:90)
at java.base/java.util.ArrayList.forEach(ArrayList.java:1541)
... Removed 33 stack frames]]>
    </failure>
  </testcase> <!-- testCreateEmployeeAndValidate -->
</testsuite> <!-- Test -->
